<?xml version="1.0" encoding="UTF-8"?>
<!-- Generated by org.testng.reporters.JUnitReportReporter -->
<testsuite hostname="Comets-MBP.attlocal.net" failures="0" tests="1" name="packageTestNG.TestNGWithPropertiesFile" time="4.866" errors="0" timestamp="2022-11-29T17:21:41 CST" skipped="0">
  <testcase classname="packageTestNG.TestNGWithPropertiesFile" name="loginTestNG" time="4.866"/>
  <system-out/>
</testsuite> <!-- packageTestNG.TestNGWithPropertiesFile -->
