<?xml version="1.0" encoding="UTF-8"?>
<!-- Generated by org.testng.reporters.JUnitReportReporter -->
<testsuite hostname="Comets-MBP.attlocal.net" failures="0" tests="1" name="packageTestNG.AddCustomer_TestNG" time="11.665" errors="0" timestamp="2023-01-03T23:50:30 CST" skipped="0">
  <testcase classname="packageTestNG.AddCustomer_TestNG" name="addNewContact" time="11.665"/>
  <system-out/>
</testsuite> <!-- packageTestNG.AddCustomer_TestNG -->
