<?xml version="1.0" encoding="UTF-8"?>
<!-- Generated by org.testng.reporters.JUnitReportReporter -->
<testsuite skipped="0" hostname="Comets-MBP.attlocal.net" name="packageTestNG.TestNGWithPropertiesFile" tests="1" failures="0" timestamp="2023-01-20T17:54:35 CST" time="7.545" errors="0">
  <testcase name="loginTestNG" time="7.545" classname="packageTestNG.TestNGWithPropertiesFile"/>
  <system-out/>
</testsuite> <!-- packageTestNG.TestNGWithPropertiesFile -->
