<?xml version="1.0" encoding="UTF-8"?>
<!-- Generated by org.testng.reporters.JUnitReportReporter -->
<testsuite skipped="0" hostname="Comets-MBP.attlocal.net" name="packageTestNG.LearnTestNG" tests="1" failures="0" timestamp="2023-01-25T09:28:27 CST" time="6.350" errors="0">
  <testcase name="loginTestNG" time="6.350" classname="packageTestNG.LearnTestNG"/>
  <system-out/>
</testsuite> <!-- packageTestNG.LearnTestNG -->
