<?xml version="1.0" encoding="UTF-8"?>
<!-- Generated by org.testng.reporters.JUnitReportReporter -->
<testsuite hostname="Comets-MBP.attlocal.net" failures="0" tests="1" name="packageTestNG.LearnTestNG" time="5.343" errors="0" timestamp="2022-11-28T11:33:39 CST" skipped="0">
  <testcase classname="packageTestNG.LearnTestNG" name="loginTestNG" time="5.343"/>
  <system-out/>
</testsuite> <!-- packageTestNG.LearnTestNG -->
