<?xml version="1.0" encoding="UTF-8"?>
<!-- Generated by org.testng.reporters.JUnitReportReporter -->
<testsuite skipped="0" hostname="Comets-MBP.attlocal.net" name="test.hello" tests="1" failures="0" timestamp="2023-01-25T13:57:22 CST" time="0.007" errors="0">
  <testcase name="test" time="0.007" classname="test.hello"/>
  <system-out/>
</testsuite> <!-- test.hello -->
