<?xml version="1.0" encoding="UTF-8"?>
<!-- Generated by org.testng.reporters.JUnitReportReporter -->
<testsuite skipped="0" hostname="Comets-MBP.attlocal.net" name="packageTestNG.LearnTestNG" tests="1" failures="0" timestamp="25 Jan 2023 23:02:05 GMT" time="5.623" errors="0">
  <testcase name="loginTestNG" time="5.623" classname="packageTestNG.LearnTestNG"/>
</testsuite> <!-- packageTestNG.LearnTestNG -->
